2023-04-03 09:18:41,841 [INFO] Activator:176 - 


2023-04-03 09:18:41,866 [INFO] Activator:177 - !SESSION log4j initialized
2023-04-03 09:19:07,325 [INFO] LogOutputStream:77 - [STDOUT_REDIRECT] 
2023-04-03 09:19:33,734 [ERROR] LogOutputStream:75 - [STDERR_REDIRECT] SLF4J: Failed to load class "org.slf4j.impl.StaticLoggerBinder".
2023-04-03 09:19:33,735 [ERROR] LogOutputStream:75 - [STDERR_REDIRECT] SLF4J: Defaulting to no-operation (NOP) logger implementation
2023-04-03 09:19:33,736 [ERROR] LogOutputStream:75 - [STDERR_REDIRECT] SLF4J: See http://www.slf4j.org/codes.html#StaticLoggerBinder for further details.
2023-04-03 10:14:15,457 [INFO] ApplicationProperties:184 - Using Application install path: D:\STM32CubeIDE_1.12.0\STM32CubeIDE\plugins\com.st.stm32cube.common.mx_6.8.0.202302231600
2023-04-03 10:14:15,514 [INFO] DbMcusXml:78 - Set database path to: D:\STM32CubeIDE_1.12.0\STM32CubeIDE\plugins\com.st.stm32cube.common.mx_6.8.0.202302231600\\db\/mcu/
2023-04-03 10:14:15,515 [INFO] ApiDb:274 - Set plugin database path to: D:\STM32CubeIDE_1.12.0\STM32CubeIDE\plugins\com.st.stm32cube.common.mx_6.8.0.202302231600\\db\/plugins/boardmanager/
2023-04-03 10:14:15,517 [WARN] ApiDb:259 - Overriding images path with different value:  => D:\STM32CubeIDE_1.12.0\STM32CubeIDE\plugins\com.st.stm32cube.common.mx_6.8.0.202302231600\\db\/plugins/mcufinder/images/
2023-04-03 10:14:15,574 [INFO] ApiDb:250 - Set database path to: C:\Users\lanza\.stmcufinder\plugins\mcufinder//mcu/
2023-04-03 10:14:15,575 [INFO] DbMcusAds:125 - Set database path to: C:\Users\lanza\.stmcufinder\plugins\mcufinder//mcu/
2023-04-03 10:14:26,644 [INFO] CrossReferenceDbSqlite:203 - Set database path to: C:\Users\lanza\.stmcufinder\plugins\mcufinder//mcu/cs/
2023-04-03 10:14:28,227 [INFO] RulesReader:64 - Compatibility file has been processed (293 Rules)
2023-04-03 10:14:28,506 [INFO] DbMcusXml:78 - Set database path to: D:\STM32CubeIDE_1.12.0\STM32CubeIDE\plugins\com.st.stm32cube.common.mx_6.8.0.202302231600\\db\/mcu/
2023-04-03 10:14:28,506 [INFO] ApiDb:274 - Set plugin database path to: D:\STM32CubeIDE_1.12.0\STM32CubeIDE\plugins\com.st.stm32cube.common.mx_6.8.0.202302231600\\db\/plugins/boardmanager/
2023-04-03 10:14:28,507 [INFO] ApiDb:261 - Set plugin images path to: D:\STM32CubeIDE_1.12.0\STM32CubeIDE\plugins\com.st.stm32cube.common.mx_6.8.0.202302231600\\db\/plugins/mcufinder/images/
2023-04-03 10:14:28,507 [WARN] DbFile:41 - Overriding database path with different value: C:\Users\lanza\.stmcufinder\plugins\mcufinder/ => C:\Users\lanza\.stmcufinder\plugins\mcufinder
2023-04-03 10:14:28,507 [INFO] ApiDb:250 - Set database path to: C:\Users\lanza\.stmcufinder\plugins\mcufinder//mcu/
2023-04-03 10:14:28,507 [WARN] DbFile:41 - Overriding database path with different value: C:\Users\lanza\.stmcufinder\plugins\mcufinder/ => C:\Users\lanza\.stmcufinder\plugins\mcufinder
2023-04-03 10:14:28,507 [INFO] DbMcusAds:125 - Set database path to: C:\Users\lanza\.stmcufinder\plugins\mcufinder//mcu/
2023-04-03 10:14:28,507 [WARN] DbFile:41 - Overriding database path with different value: C:\Users\lanza\.stmcufinder\plugins\mcufinder/ => C:\Users\lanza\.stmcufinder\plugins\mcufinder
2023-04-03 10:14:28,507 [WARN] DbFile:41 - Overriding database path with different value: C:\Users\lanza\.stmcufinder\plugins\mcufinder/ => C:\Users\lanza\.stmcufinder\plugins\mcufinder
2023-04-03 10:14:28,508 [INFO] CrossReferenceDbSqlite:203 - Set database path to: C:\Users\lanza\.stmcufinder\plugins\mcufinder//mcu/cs/
2023-04-03 10:14:28,676 [INFO] MainPanel:253 - HeapMemory: 439353344
2023-04-03 10:14:28,917 [INFO] DbMcusXml:78 - Set database path to: D:\STM32CubeIDE_1.12.0\STM32CubeIDE\plugins\com.st.stm32cube.common.mx_6.8.0.202302231600\\db\/mcu/
2023-04-03 10:14:28,917 [INFO] ApiDb:274 - Set plugin database path to: D:\STM32CubeIDE_1.12.0\STM32CubeIDE\plugins\com.st.stm32cube.common.mx_6.8.0.202302231600\\db\/plugins/boardmanager/
2023-04-03 10:14:28,917 [INFO] ApiDb:261 - Set plugin images path to: D:\STM32CubeIDE_1.12.0\STM32CubeIDE\plugins\com.st.stm32cube.common.mx_6.8.0.202302231600\\db\/plugins/mcufinder/images/
2023-04-03 10:14:28,917 [WARN] DbFile:41 - Overriding database path with different value: C:\Users\lanza\.stmcufinder\plugins\mcufinder/ => C:\Users\lanza\.stmcufinder\plugins\mcufinder
2023-04-03 10:14:28,917 [INFO] ApiDb:250 - Set database path to: C:\Users\lanza\.stmcufinder\plugins\mcufinder//mcu/
2023-04-03 10:14:28,917 [WARN] DbFile:41 - Overriding database path with different value: C:\Users\lanza\.stmcufinder\plugins\mcufinder/ => C:\Users\lanza\.stmcufinder\plugins\mcufinder
2023-04-03 10:14:28,917 [INFO] DbMcusAds:125 - Set database path to: C:\Users\lanza\.stmcufinder\plugins\mcufinder//mcu/
2023-04-03 10:14:28,918 [WARN] DbFile:41 - Overriding database path with different value: C:\Users\lanza\.stmcufinder\plugins\mcufinder/ => C:\Users\lanza\.stmcufinder\plugins\mcufinder
2023-04-03 10:14:28,918 [WARN] DbFile:41 - Overriding database path with different value: C:\Users\lanza\.stmcufinder\plugins\mcufinder/ => C:\Users\lanza\.stmcufinder\plugins\mcufinder
2023-04-03 10:14:28,918 [INFO] CrossReferenceDbSqlite:203 - Set database path to: C:\Users\lanza\.stmcufinder\plugins\mcufinder//mcu/cs/
2023-04-03 10:14:28,943 [INFO] ApplicationProperties:184 - Using Application install path: D:\STM32CubeIDE_1.12.0\STM32CubeIDE\plugins\com.st.stm32cube.common.mx_6.8.0.202302231600
2023-04-03 10:14:28,950 [INFO] PluginManage:196 - Search for loadable plugins [exclusion list=, ]
2023-04-03 10:14:28,952 [INFO] PluginManage:310 - Check plugin analytics
2023-04-03 10:14:29,271 [INFO] AnalyticsPlugin:253 - Accepted Software Licenses: 
2023-04-03 10:14:29,272 [INFO] AnalyticsPlugin:255 - Accepted CMSIS Pack Licenses: 
2023-04-03 10:14:29,272 [INFO] AnalyticsPlugin:257 - Accepted Firmware Licenses: FW.F4.1.27.0,FW.F7.1.17.0
2023-04-03 10:14:29,278 [INFO] PluginManage:359 - Loaded plugin analytics (category:tool,tabindex:-1)
2023-04-03 10:14:29,278 [INFO] PluginManage:310 - Check plugin cadmodel
2023-04-03 10:14:29,350 [INFO] CADModel:105 - Init CAD model plugin
2023-04-03 10:14:29,350 [INFO] PluginManage:359 - Loaded plugin cadmodel (category:power,tabindex:5)
2023-04-03 10:14:29,351 [INFO] PluginManage:310 - Check plugin clock
2023-04-03 10:14:29,380 [INFO] PluginManage:359 - Loaded plugin clock (category:base,tabindex:2)
2023-04-03 10:14:29,381 [INFO] PluginManage:310 - Check plugin ddr
2023-04-03 10:14:29,399 [INFO] PluginManage:359 - Loaded plugin ddr (category:tool,tabindex:6)
2023-04-03 10:14:29,400 [INFO] PluginManage:310 - Check plugin filemanager
2023-04-03 10:14:29,635 [INFO] PluginManage:359 - Loaded plugin filemanager (category:base,tabindex:10)
2023-04-03 10:14:29,635 [INFO] PluginManage:310 - Check plugin ipmanager
2023-04-03 10:14:29,665 [INFO] PluginManage:359 - Loaded plugin ipmanager (category:base,tabindex:5)
2023-04-03 10:14:29,665 [INFO] PluginManage:310 - Check plugin lpbam
2023-04-03 10:14:29,704 [INFO] PluginManage:359 - Loaded plugin lpbam (category:base,tabindex:0)
2023-04-03 10:14:29,704 [INFO] PluginManage:310 - Check plugin pinoutandconfiguration
2023-04-03 10:14:29,738 [INFO] PluginManage:359 - Loaded plugin pinoutandconfiguration (category:base,tabindex:1)
2023-04-03 10:14:29,738 [INFO] PluginManage:310 - Check plugin pinoutconfig
2023-04-03 10:14:29,994 [WARN] SupportedApi:132 - Cannot load RTOS API schema: s4s-elt-must-match.1: The content of 'definitions' must match (annotation?, (simpleType | complexType)?, (unique | key | keyref)*)). A problem was found starting at: attribute.
2023-04-03 10:14:30,229 [INFO] PluginManage:359 - Loaded plugin pinoutconfig (category:base,tabindex:0)
2023-04-03 10:14:30,229 [INFO] PluginManage:310 - Check plugin power
2023-04-03 10:14:30,301 [INFO] PluginManage:359 - Loaded plugin power (category:power,tabindex:4)
2023-04-03 10:14:30,301 [INFO] PluginManage:310 - Check plugin projectmanager
2023-04-03 10:14:30,337 [INFO] PluginManage:359 - Loaded plugin projectmanager (category:projectmanager,tabindex:3)
2023-04-03 10:14:30,337 [INFO] PluginManage:310 - Check plugin thirdparty
2023-04-03 10:14:30,727 [INFO] PluginManage:359 - Loaded plugin thirdparty (category:base,tabindex:-1)
2023-04-03 10:14:30,723 [WARN] IntegrityCheckThread:84 - waiting for thirdparty lock release [integrity check]
2023-04-03 10:14:30,727 [INFO] PluginManage:310 - Check plugin tools
2023-04-03 10:14:30,727 [INFO] IntegrityCheckThread:86 - entering critical section [integrity check]
2023-04-03 10:14:30,729 [INFO] ThirdPartyUpdaterWithRetryManager:70 - Updater plugin not ready yet. [1/15]
2023-04-03 10:14:30,763 [INFO] PluginManage:359 - Loaded plugin tools (category:base,tabindex:7)
2023-04-03 10:14:30,763 [INFO] PluginManage:310 - Check plugin tutovideos
2023-04-03 10:14:31,112 [INFO] PluginManage:359 - Loaded plugin tutovideos (category:base,tabindex:-1)
2023-04-03 10:14:31,112 [INFO] PluginManage:310 - Check plugin updater
2023-04-03 10:14:31,144 [INFO] PluginManage:359 - Loaded plugin updater (category:base,tabindex:12)
2023-04-03 10:14:31,144 [INFO] PluginManage:283 - PluginManage : Loaded plugins [15]
2023-04-03 10:14:31,552 [INFO] PinOutPanel:1499 - setPackage(No Configuration,No Configuration)
2023-04-03 10:14:31,687 [INFO] CADModel:165 - CPN selected for project level
2023-04-03 10:14:31,688 [INFO] CADModel:114 - Register for checkConnection events
2023-04-03 10:14:31,760 [INFO] IPUIPlugin:80 - create IPUIPlugin
2023-04-03 10:14:31,761 [INFO] PluginManager:220 - loadIPPluginJar : add adc
2023-04-03 10:14:31,796 [INFO] IPUIPlugin:80 - create IPUIPlugin
2023-04-03 10:14:31,796 [INFO] PluginManager:220 - loadIPPluginJar : add aes
2023-04-03 10:14:31,856 [INFO] IPUIPlugin:80 - create IPUIPlugin
2023-04-03 10:14:31,856 [INFO] PluginManager:220 - loadIPPluginJar : add can
2023-04-03 10:14:31,885 [INFO] IPUIPlugin:80 - create IPUIPlugin
2023-04-03 10:14:31,885 [INFO] PluginManager:220 - loadIPPluginJar : add comp
2023-04-03 10:14:31,913 [INFO] IPUIPlugin:80 - create IPUIPlugin
2023-04-03 10:14:31,913 [INFO] PluginManager:220 - loadIPPluginJar : add cryp
2023-04-03 10:14:31,939 [INFO] IPUIPlugin:80 - create IPUIPlugin
2023-04-03 10:14:31,939 [INFO] PluginManager:220 - loadIPPluginJar : add dfsdm
2023-04-03 10:14:31,961 [INFO] IPUIPlugin:80 - create IPUIPlugin
2023-04-03 10:14:31,961 [INFO] PluginManager:220 - loadIPPluginJar : add dma
2023-04-03 10:14:31,996 [INFO] IPUIPlugin:80 - create IPUIPlugin
2023-04-03 10:14:31,996 [INFO] PluginManager:220 - loadIPPluginJar : add dma3
2023-04-03 10:14:32,015 [INFO] IPUIPlugin:80 - create IPUIPlugin
2023-04-03 10:14:32,015 [INFO] PluginManager:220 - loadIPPluginJar : add fatfs
2023-04-03 10:14:32,055 [INFO] IPUIPlugin:80 - create IPUIPlugin
2023-04-03 10:14:32,055 [INFO] PluginManager:220 - loadIPPluginJar : add fmc
2023-04-03 10:14:32,088 [INFO] IPUIPlugin:80 - create IPUIPlugin
2023-04-03 10:14:32,088 [INFO] PluginManager:220 - loadIPPluginJar : add freertos
2023-04-03 10:14:32,108 [INFO] IPUIPlugin:80 - create IPUIPlugin
2023-04-03 10:14:32,109 [INFO] PluginManager:220 - loadIPPluginJar : add genericplugin
2023-04-03 10:14:32,190 [INFO] IPUIPlugin:80 - create IPUIPlugin
2023-04-03 10:14:32,190 [INFO] PluginManager:220 - loadIPPluginJar : add gfxmmu
2023-04-03 10:14:32,298 [INFO] IPUIPlugin:80 - create IPUIPlugin
2023-04-03 10:14:32,299 [INFO] PluginManager:220 - loadIPPluginJar : add gic
2023-04-03 10:14:32,327 [INFO] IPUIPlugin:80 - create IPUIPlugin
2023-04-03 10:14:32,327 [INFO] PluginManager:220 - loadIPPluginJar : add gpio
2023-04-03 10:14:32,403 [INFO] IPUIPlugin:80 - create IPUIPlugin
2023-04-03 10:14:32,403 [INFO] PluginManager:220 - loadIPPluginJar : add gtzc
2023-04-03 10:14:32,432 [INFO] IPUIPlugin:80 - create IPUIPlugin
2023-04-03 10:14:32,432 [INFO] PluginManager:220 - loadIPPluginJar : add hash
2023-04-03 10:14:32,474 [INFO] IPUIPlugin:80 - create IPUIPlugin
2023-04-03 10:14:32,474 [INFO] PluginManager:220 - loadIPPluginJar : add i2c
2023-04-03 10:14:32,510 [INFO] IPUIPlugin:80 - create IPUIPlugin
2023-04-03 10:14:32,510 [INFO] PluginManager:220 - loadIPPluginJar : add i2s
2023-04-03 10:14:32,548 [INFO] IPUIPlugin:80 - create IPUIPlugin
2023-04-03 10:14:32,548 [INFO] PluginManager:220 - loadIPPluginJar : add i3c
2023-04-03 10:14:32,657 [INFO] IPUIPlugin:80 - create IPUIPlugin
2023-04-03 10:14:32,657 [INFO] PluginManager:220 - loadIPPluginJar : add ipddr
2023-04-03 10:14:32,738 [INFO] IPUIPlugin:80 - create IPUIPlugin
2023-04-03 10:14:32,738 [INFO] PluginManager:220 - loadIPPluginJar : add linkedlist
2023-04-03 10:14:32,766 [INFO] IPUIPlugin:80 - create IPUIPlugin
2023-04-03 10:14:32,766 [INFO] PluginManager:220 - loadIPPluginJar : add lorawan
2023-04-03 10:14:32,795 [INFO] IPUIPlugin:80 - create IPUIPlugin
2023-04-03 10:14:32,795 [INFO] PluginManager:220 - loadIPPluginJar : add ltdc
2023-04-03 10:14:32,822 [INFO] IPUIPlugin:80 - create IPUIPlugin
2023-04-03 10:14:32,822 [INFO] PluginManager:220 - loadIPPluginJar : add mdma
2023-04-03 10:14:32,848 [INFO] IPUIPlugin:80 - create IPUIPlugin
2023-04-03 10:14:32,849 [INFO] PluginManager:220 - loadIPPluginJar : add nvic
2023-04-03 10:14:32,878 [INFO] IPUIPlugin:80 - create IPUIPlugin
2023-04-03 10:14:32,878 [INFO] PluginManager:220 - loadIPPluginJar : add opamp
2023-04-03 10:14:32,926 [INFO] IPUIPlugin:80 - create IPUIPlugin
2023-04-03 10:14:32,927 [INFO] PluginManager:220 - loadIPPluginJar : add openamp
2023-04-03 10:14:32,963 [INFO] IPUIPlugin:80 - create IPUIPlugin
2023-04-03 10:14:32,963 [INFO] PluginManager:220 - loadIPPluginJar : add pdm2pcm
2023-04-03 10:14:32,991 [INFO] IPUIPlugin:80 - create IPUIPlugin
2023-04-03 10:14:32,995 [INFO] PluginManager:220 - loadIPPluginJar : add plateformsettings
2023-04-03 10:14:33,013 [INFO] IPUIPlugin:80 - create IPUIPlugin
2023-04-03 10:14:33,013 [INFO] PluginManager:220 - loadIPPluginJar : add quadspi
2023-04-03 10:14:33,039 [INFO] IPUIPlugin:80 - create IPUIPlugin
2023-04-03 10:14:33,039 [INFO] PluginManager:220 - loadIPPluginJar : add resmgrutility
2023-04-03 10:14:33,082 [INFO] IPUIPlugin:80 - create IPUIPlugin
2023-04-03 10:14:33,082 [INFO] PluginManager:220 - loadIPPluginJar : add sai
2023-04-03 10:14:33,114 [INFO] IPUIPlugin:80 - create IPUIPlugin
2023-04-03 10:14:33,114 [INFO] PluginManager:220 - loadIPPluginJar : add spi
2023-04-03 10:14:33,172 [INFO] IPUIPlugin:80 - create IPUIPlugin
2023-04-03 10:14:33,173 [INFO] PluginManager:220 - loadIPPluginJar : add stm32_wpan
2023-04-03 10:14:33,192 [INFO] IPUIPlugin:80 - create IPUIPlugin
2023-04-03 10:14:33,192 [INFO] PluginManager:220 - loadIPPluginJar : add tim
2023-04-03 10:14:33,241 [INFO] IPUIPlugin:80 - create IPUIPlugin
2023-04-03 10:14:33,241 [INFO] PluginManager:220 - loadIPPluginJar : add touchsensing
2023-04-03 10:14:33,259 [INFO] IPUIPlugin:80 - create IPUIPlugin
2023-04-03 10:14:33,260 [INFO] PluginManager:220 - loadIPPluginJar : add tracer_emb
2023-04-03 10:14:33,284 [INFO] IPUIPlugin:80 - create IPUIPlugin
2023-04-03 10:14:33,284 [INFO] PluginManager:220 - loadIPPluginJar : add ts
2023-04-03 10:14:33,301 [INFO] IPUIPlugin:80 - create IPUIPlugin
2023-04-03 10:14:33,302 [INFO] PluginManager:220 - loadIPPluginJar : add tsc
2023-04-03 10:14:33,320 [INFO] IPUIPlugin:80 - create IPUIPlugin
2023-04-03 10:14:33,320 [INFO] PluginManager:220 - loadIPPluginJar : add ucpd
2023-04-03 10:14:33,362 [INFO] IPUIPlugin:80 - create IPUIPlugin
2023-04-03 10:14:33,362 [INFO] PluginManager:220 - loadIPPluginJar : add usart
2023-04-03 10:14:33,398 [INFO] IPUIPlugin:80 - create IPUIPlugin
2023-04-03 10:14:33,398 [INFO] PluginManager:220 - loadIPPluginJar : add usbx
2023-04-03 10:14:33,543 [INFO] CADModel:165 - CPN selected for project level
2023-04-03 10:14:33,544 [INFO] CADModel:114 - Register for checkConnection events
2023-04-03 10:14:33,544 [FATAL] Updater:308 - Updater called before beeing initialized
2023-04-03 10:14:33,544 [ERROR] CADModel:125 - Updater not yet initialized, retry later 
2023-04-03 10:14:33,740 [INFO] ThirdPartyUpdaterWithRetryManager:70 - Updater plugin not ready yet. [2/15]
2023-04-03 10:14:33,856 [INFO] CADModel:165 - CPN selected for project level
2023-04-03 10:14:33,856 [INFO] CADModel:114 - Register for checkConnection events
2023-04-03 10:14:33,856 [FATAL] Updater:308 - Updater called before beeing initialized
2023-04-03 10:14:33,856 [ERROR] CADModel:125 - Updater not yet initialized, retry later 
2023-04-03 10:14:33,859 [FATAL] Updater:308 - Updater called before beeing initialized
2023-04-03 10:14:34,019 [FATAL] Updater:308 - Updater called before beeing initialized
2023-04-03 10:14:34,038 [INFO] DbMcusAds:53 - JSON generation date=Tue Mar 07 04:50:55 BOT 2023 (1678179055335)
2023-04-03 10:14:34,039 [FATAL] Updater:308 - Updater called before beeing initialized
2023-04-03 10:14:34,170 [WARN] DetailPanel:346 - Failed to get advertising image, set to default
2023-04-03 10:14:34,306 [FATAL] Updater:308 - Updater called before beeing initialized
2023-04-03 10:14:34,310 [FATAL] Updater:308 - Updater called before beeing initialized
2023-04-03 10:14:34,310 [FATAL] Updater:308 - Updater called before beeing initialized
2023-04-03 10:14:34,310 [WARN] DetailPanel:346 - Failed to get advertising image, set to default
2023-04-03 10:14:34,311 [FATAL] Updater:308 - Updater called before beeing initialized
2023-04-03 10:14:34,409 [ERROR] Updater:1120 - MainUpdater not yet initialized. External WinMGr cannot be set.
2023-04-03 10:14:34,428 [INFO] Updater:1056 - Updater Version found : 6.8.0
2023-04-03 10:14:34,454 [INFO] ApplicationProperties:184 - Using Application install path: D:\STM32CubeIDE_1.12.0\STM32CubeIDE\plugins\com.st.stm32cube.common.mx_6.8.0.202302231600
2023-04-03 10:14:34,790 [INFO] MainUpdater:2854 - connection check result : 10
2023-04-03 10:14:34,790 [INFO] MainUpdater:3548 - Updater definition file requires update
2023-04-03 10:14:34,791 [INFO] MainUpdater:283 - Updater Check For Update Now.
2023-04-03 10:14:34,793 [INFO] MicroXplorer:498 - Change Database Version : DB.6.0.80
2023-04-03 10:14:34,931 [INFO] ServerAccessManage:473 - Download File updaters.zip
2023-04-03 10:14:35,058 [INFO] FileExtend:240 - Unzip File : updaters.zip
2023-04-03 10:14:35,058 [INFO] FileExtend:255 - Standard Zip Deflate
2023-04-03 10:14:35,562 [INFO] ServerAccessManage:473 - Download File PacksControlFlags.xml
2023-04-03 10:14:35,679 [INFO] ServerAccessManage:473 - Download File cubemx.pidx
2023-04-03 10:14:36,755 [WARN] MainUpdater:1187 - Updater busy. Cannot search thirdparties
2023-04-03 10:14:36,755 [INFO] ThirdPartyUpdaterWithRetryManager:96 - Updater plugin is busy. [1/15]
2023-04-03 10:14:37,755 [INFO] LoadServerUpdatesThread:373 - End of LoadServerUpdate Thread
2023-04-03 10:14:37,936 [INFO] CheckServerUpdateThread:120 - End of CheckServer Thread
2023-04-03 10:14:38,131 [INFO] MainUpdater:2854 - connection check result : 10
2023-04-03 10:14:39,730 [INFO] ApiDb:581 - Connected to CubeFinder SQLite database (C:\Users\lanza\.stmcufinder\plugins\mcufinder\mcu\cube-finder-db.db)
2023-04-03 10:14:39,822 [INFO] ApiDb:668 - CubeFinder database Data Model version=2.1
2023-04-03 10:14:39,822 [INFO] ApiDb:669 - CubeFinder database Configuration version=3.0.35
2023-04-03 10:14:39,822 [INFO] ApiDb:670 - CubeFinder database generation date=2023-03-10 (1678456172)
2023-04-03 10:14:39,822 [INFO] ApiDb:671 - CubeFinder database FW Pack versions=[FP-ATR-ASTRA1_V1.1.1, STM32Cube_FW_C0_V1.0.1, STM32Cube_FW_F0_V1.11.4, STM32Cube_FW_F3_V1.11.4, STM32Cube_FW_F4_V1.27.1, STM32Cube_FW_F7_V1.17.0, STM32Cube_FW_G0_V1.6.1, STM32Cube_FW_G4_V1.5.1, STM32Cube_FW_H5_V0.5.1, STM32Cube_FW_H5_V1.0.0, STM32Cube_FW_H7_V1.11.0, STM32Cube_FW_L0_V1.12.2, STM32Cube_FW_L5_V1.5.0, STM32Cube_FW_U5_V1.2.0, STM32Cube_FW_WBA_V1.0.0, STM32Cube_FW_WBA_V1.0.0RC1, STM32Cube_FW_WBA_V1.0.0RC3, STM32Cube_FW_WB_V1.15.0RC1, STM32Cube_FW_WB_V1.16.0, STM32Cube_FW_WB_V1.16.0RC2, STM32Cube_FW_WL_V1.3.0, X-CUBE-ALGOBUILD_V1.3.0, X-CUBE-ALS_V1.0.1, X-CUBE-AZRTOS-F4_V1.1.0, X-CUBE-AZRTOS-F7_V1.1.0, X-CUBE-AZRTOS-G0_V1.1.0, X-CUBE-AZRTOS-G4_V1.0.0, X-CUBE-AZRTOS-H7_V3.0.0, X-CUBE-AZRTOS-L4_V1.0.0, X-CUBE-AZRTOS-L5_V1.1.0, X-CUBE-AZRTOS-WB_V1.1.0, X-CUBE-AZRTOS-WL_V1.0.0, X-CUBE-BLE1_V6.2.4, X-CUBE-BLE2_V3.3.0, X-CUBE-BLEMGR_V1.3.0, X-CUBE-EEPRMA1_V4.1.0, X-CUBE-GNSS1_V6.0.0, X-CUBE-MEMS1_V9.1.0, X-CUBE-MEMS1_V9.4.0, X-CUBE-MEMS1_V9.5.0, X-CUBE-NFC4_V3.0.0, X-CUBE-NFC7_V1.0.0, X-CUBE-SFXS2LP1_V4.0.0, X-CUBE-SUBG2_V5.0.0]
2023-04-03 10:14:39,965 [WARN] PackLoader:240 - Cannot read IP mode file for STMicroelectronics.X-CUBE-GNSS1.6.0.0
2023-04-03 10:14:39,973 [INFO] DbBoardsSqlite:226 - include board P-NUCLEO-WB55-NUCLEO as a kit item of type 'Nucleo-64'
2023-04-03 10:14:39,973 [INFO] DbBoardsSqlite:226 - include board P-NUCLEO-WB55-USBDONGLE as a kit item of type 'Nucleo USB Dongle'
2023-04-03 10:14:39,974 [INFO] DbBoardsSqlite:226 - include board STEVAL-IDP005V1 as a kit item of type 'Evaluation Board'
2023-04-03 10:14:39,974 [INFO] DbBoardsSqlite:226 - include board STEVAL-IDP005V2 as a kit item of type 'Evaluation Board'
2023-04-03 10:14:40,007 [WARN] PackLoader:240 - Cannot read IP mode file for STMicroelectronics.X-CUBE-AZRTOS-F4.1.1.0
2023-04-03 10:14:40,047 [WARN] PackLoader:240 - Cannot read IP mode file for STMicroelectronics.X-CUBE-AZRTOS-F7.1.1.0
2023-04-03 10:14:40,063 [WARN] PackLoader:240 - Cannot read IP mode file for STMicroelectronics.X-CUBE-BLE1.6.2.4
2023-04-03 10:14:40,081 [WARN] PackLoader:240 - Cannot read IP mode file for emotas.I-CUBE-CANOPEN.1.1.3
2023-04-03 10:14:40,099 [WARN] PackLoader:240 - Cannot read IP mode file for STMicroelectronics.X-CUBE-BLEMGR.2.0.0
2023-04-03 10:14:40,114 [WARN] PackLoader:240 - Cannot read IP mode file for STMicroelectronics.X-CUBE-DISPLAY.3.0.0
2023-04-03 10:14:40,132 [WARN] PackLoader:240 - Cannot read IP mode file for wolfSSL.I-CUBE-wolfSSL.5.5.4
2023-04-03 10:14:40,144 [WARN] PackLoader:240 - Cannot read IP mode file for STMicroelectronics.X-CUBE-NFC7.1.0.0
2023-04-03 10:14:40,156 [WARN] PackLoader:240 - Cannot read IP mode file for STMicroelectronics.X-CUBE-EEPRMA1.4.1.0
2023-04-03 10:14:40,170 [WARN] PackLoader:240 - Cannot read IP mode file for WES.I-CUBE-Cesium.1.3.0
2023-04-03 10:14:40,183 [WARN] PackLoader:240 - Cannot read IP mode file for STMicroelectronics.X-CUBE-SFXS2LP1.4.0.0
2023-04-03 10:14:40,195 [WARN] PackLoader:240 - Cannot read IP mode file for STMicroelectronics.X-CUBE-BLE2.3.3.0
2023-04-03 10:14:40,212 [WARN] PackLoader:240 - Cannot read IP mode file for STMicroelectronics.X-CUBE-TOF1.3.2.0
2023-04-03 10:14:40,257 [WARN] PackLoader:240 - Cannot read IP mode file for STMicroelectronics.X-CUBE-AZRTOS-H7.3.0.0
2023-04-03 10:14:40,275 [WARN] PackLoader:240 - Cannot read IP mode file for STMicroelectronics.X-CUBE-ISPU.1.1.0
2023-04-03 10:14:40,296 [WARN] PackLoader:240 - Cannot read IP mode file for RoweBots.I-CUBE-UNISONRTOS.5.5.0-4
2023-04-03 10:14:40,308 [WARN] PackLoader:240 - Cannot read IP mode file for STMicroelectronics.X-CUBE-AI.8.0.0
2023-04-03 10:14:40,320 [WARN] PackLoader:240 - Cannot read IP mode file for STMicroelectronics.X-CUBE-FREERTOS.1.0.0
2023-04-03 10:14:40,331 [WARN] PackLoader:240 - Cannot read IP mode file for STMicroelectronics.X-CUBE-TOUCHGFX.4.21.1
2023-04-03 10:14:40,342 [WARN] PackLoader:240 - Cannot read IP mode file for STMicroelectronics.X-CUBE-TOUCHGFX.4.21.3
2023-04-03 10:14:40,345 [INFO] ApiDb:240 - Found 297 in-development CPN: [B-G473E-ZEST1S, B-WB1M-WPAN1, B-WL5M-SUBG1, NUCLEO-C031C6, NUCLEO-H503RB, NUCLEO-H563ZI, NUCLEO-U545RE-Q, NUCLEO-U5A5ZJ-Q, NUCLEO-WBA52CG, STEVAL-PROTEUS1, STEVAL-STWINBX1, STM320518-EVAL, STM32C0116-DK, STM32C011D6Y3TR, STM32C011D6Y6TR, STM32C011F4P3, STM32C011F4P6, STM32C011F4U3, STM32C011F4U6TR, STM32C011F6P3, STM32C011F6P6, STM32C011F6U3, STM32C011F6U6TR, STM32C011J4M3, STM32C011J4M6, STM32C011J6M3, STM32C011J6M6, STM32C0316-DK, STM32C031C4T3, STM32C031C4T6, STM32C031C4U3, STM32C031C4U6, STM32C031C6T3, STM32C031C6T6, STM32C031C6U3, STM32C031C6U6, STM32C031F4P3, STM32C031F4P6, STM32C031F6P3, STM32C031F6P6, STM32C031G4U3, STM32C031G4U6, STM32C031G6U3, STM32C031G6U6, STM32C031K4T3, STM32C031K4T6, STM32C031K4U3, STM32C031K4U6, STM32C031K6T3, STM32C031K6T6, STM32C031K6U3, STM32C031K6U6, STM32G071K8TXN, STM32G071K8UXN, STM32G081GBU6N, STM32G081KBT6N, STM32G081KBUXN, STM32G0B1CCT6N, STM32G0B1KCT6, STM32G0B1NEY6TR, STM32G0B1RCT6N, STM32G0C1CCT6, STM32G0C1CCT6N, STM32G0C1CCU6N, STM32G0C1CET6N, STM32G0C1CEU6N, STM32G0C1KCT6, STM32G0C1NEY6TR, STM32G0C1RCI6N, STM32G0C1RCT6N, STM32G0C1REI6N, STM32G0C1RET6N, STM32G0C1VCI6, STM32G0C1VEI6, STM32G471CCT6, STM32G471CCU6, STM32G471CET3, STM32G471CET6, STM32G471CEU3, STM32G471CEU6, STM32G471MCT6, STM32G471MET3, STM32G471MET6, STM32G471MEY6TR, STM32G471QCT6, STM32G471QET3, STM32G471RCT6, STM32G471RET3, STM32G471RET6, STM32G471VCH6, STM32G471VCI6, STM32G471VCT6, STM32G471VEH3, STM32G471VEH6, STM32G471VEI3, STM32G471VEI6, STM32G471VET3, STM32G471VET6, STM32G474CCT6, STM32H503CBT6, STM32H503CBU6, STM32H503EBY6TR, STM32H503KBU6, STM32H503RBT6, STM32H562AGI6, STM32H562AII6, STM32H562IGK6, STM32H562IGT6, STM32H562IIK6, STM32H562IIT6, STM32H562RGT6, STM32H562RGV6, STM32H562RIT6, STM32H562RIV6, STM32H562VGT6, STM32H562VIT6, STM32H562ZGT6, STM32H562ZIT6, STM32H563AGI6, STM32H563AII3Q, STM32H563AII6, STM32H563IGK6, STM32H563IGT6, STM32H563IIK3Q, STM32H563IIK6, STM32H563IIT3Q, STM32H563IIT6, STM32H563MIY3QTR, STM32H563RGT6, STM32H563RGV6, STM32H563RIT6, STM32H563RIV6, STM32H563VGT6, STM32H563VIT3Q, STM32H563VIT6, STM32H563ZGT6, STM32H563ZIT3Q, STM32H563ZIT6, STM32H573AII3Q, STM32H573AII6, STM32H573I-DK, STM32H573IIK3Q, STM32H573IIK6, STM32H573IIT3Q, STM32H573IIT6, STM32H573MIY3QTR, STM32H573RIT6, STM32H573RIV6, STM32H573VIT3Q, STM32H573VIT6, STM32H573ZIT3Q, STM32H573ZIT6, STM32L4R5QGI6STR, STM32MP131AAE3, STM32MP131AAF3, STM32MP131AAG3, STM32MP131CAE3, STM32MP131CAF3, STM32MP131CAG3, STM32MP131DAE7, STM32MP131DAF7, STM32MP131DAG7, STM32MP131FAE7, STM32MP131FAF7, STM32MP131FAG7, STM32MP133AAE3, STM32MP133AAF3, STM32MP133AAG3, STM32MP133CAE3, STM32MP133CAF3, STM32MP133CAG3, STM32MP133DAE7, STM32MP133DAF7, STM32MP133DAG7, STM32MP133FAE7, STM32MP133FAF7, STM32MP133FAG7, STM32MP135AAE3, STM32MP135AAF3, STM32MP135AAG3, STM32MP135CAE3, STM32MP135CAF3, STM32MP135CAG3, STM32MP135DAE7, STM32MP135DAF7, STM32MP135DAG7, STM32MP135F-DK, STM32MP135FAE7, STM32MP135FAF7, STM32MP135FAF7T, STM32MP135FAF7U, STM32MP135FAG7, STM32U535CBT6, STM32U535CBT6Q, STM32U535CBU6, STM32U535CBU6Q, STM32U535CCT6, STM32U535CCT6Q, STM32U535CCU6, STM32U535CCU6Q, STM32U535CET6, STM32U535CET6Q, STM32U535CEU6, STM32U535CEU6Q, STM32U535JEY6QTR, STM32U535NCY6QTR, STM32U535NEY6QTR, STM32U535RBI6, STM32U535RBI6Q, STM32U535RBT6, STM32U535RBT6Q, STM32U535RCI6, STM32U535RCI6Q, STM32U535RCT6, STM32U535RCT6Q, STM32U535REI6, STM32U535REI6Q, STM32U535RET6, STM32U535RET6Q, STM32U535VCI6, STM32U535VCI6Q, STM32U535VCT6, STM32U535VCT6Q, STM32U535VEI6, STM32U535VEI6Q, STM32U535VET6, STM32U535VET6Q, STM32U545CET6, STM32U545CET6Q, STM32U545CEU6, STM32U545CEU6Q, STM32U545JEY6QTR, STM32U545NEY6QTR, STM32U545REI6, STM32U545REI6Q, STM32U545RET6, STM32U545RET6Q, STM32U545VEI6, STM32U545VEI6Q, STM32U545VET6, STM32U545VET6Q, STM32U595AIH6, STM32U595AIH6Q, STM32U595AJH6, STM32U595AJH6Q, STM32U595QII6, STM32U595QII6Q, STM32U595QJI6, STM32U595QJI6Q, STM32U595RIT6, STM32U595RIT6Q, STM32U595RJT6, STM32U595RJT6Q, STM32U595VIT6, STM32U595VIT6Q, STM32U595VJT6, STM32U595VJT6Q, STM32U595ZIT6, STM32U595ZIT6Q, STM32U595ZIY6QTR, STM32U595ZJT6, STM32U595ZJT6Q, STM32U595ZJY6QTR, STM32U599BJY6QTR, STM32U599NIH6Q, STM32U599NJH6Q, STM32U599VIT6Q, STM32U599VJT6, STM32U599VJT6Q, STM32U599ZIT6Q, STM32U599ZIY6QTR, STM32U599ZJT6Q, STM32U599ZJY6QTR, STM32U5A5AJH6, STM32U5A5AJH6Q, STM32U5A5QJI6, STM32U5A5QJI6Q, STM32U5A5RJT6, STM32U5A5RJT6Q, STM32U5A5VJT6, STM32U5A5VJT6Q, STM32U5A5ZJT6, STM32U5A5ZJT6Q, STM32U5A5ZJY6QTR, STM32U5A9BJY6QTR, STM32U5A9J-DK, STM32U5A9NJH6Q, STM32U5A9VJT6Q, STM32U5A9ZJT6Q, STM32U5A9ZJY6QTR, STM32WB1MMCH6, STM32WBA52CEU6, STM32WBA52CEU6T, STM32WBA52CGU6, STM32WBA52CGU6T, STM32WL5MOCH6, STM32WL5MOCH6TR]
2023-04-03 10:14:40,354 [WARN] PackLoader:240 - Cannot read IP mode file for STMicroelectronics.X-CUBE-ALGOBUILD.1.3.0
2023-04-03 10:14:40,384 [WARN] PackLoader:240 - Cannot read IP mode file for STMicroelectronics.X-CUBE-AZRTOS-L5.1.1.0
2023-04-03 10:14:40,416 [WARN] PackLoader:240 - Cannot read IP mode file for STMicroelectronics.X-CUBE-AZRTOS-G0.1.1.0
2023-04-03 10:14:40,436 [WARN] PackLoader:240 - Cannot read IP mode file for STMicroelectronics.X-CUBE-SUBG2.5.0.0
2023-04-03 10:14:40,453 [WARN] PackLoader:240 - Cannot read IP mode file for STMicroelectronics.X-CUBE-NFC4.3.0.0
2023-04-03 10:14:40,473 [WARN] PackLoader:240 - Cannot read IP mode file for STMicroelectronics.X-CUBE-TOF1.3.3.0
2023-04-03 10:14:40,491 [WARN] PackLoader:240 - Cannot read IP mode file for STMicroelectronics.FP-ATR-ASTRA1.1.1.1
2023-04-03 10:14:40,514 [WARN] PackLoader:240 - Cannot read IP mode file for STMicroelectronics.X-CUBE-AZRTOS-G4.1.0.0
2023-04-03 10:14:40,528 [WARN] PackLoader:240 - Cannot read IP mode file for STMicroelectronics.FP-ATR-SIGFOX1.3.2.0
2023-04-03 10:14:40,556 [WARN] PackLoader:240 - Cannot read IP mode file for STMicroelectronics.X-CUBE-AZRTOS-L4.1.0.0
2023-04-03 10:14:40,576 [WARN] PackLoader:240 - Cannot read IP mode file for STMicroelectronics.X-CUBE-AZRTOS-WL.1.0.0
2023-04-03 10:14:40,588 [WARN] PackLoader:240 - Cannot read IP mode file for portGmbH.I-Cube-SoM-uGOAL.1.1.0
2023-04-03 10:14:40,599 [WARN] PackLoader:240 - Cannot read IP mode file for STMicroelectronics.X-CUBE-ALS.1.0.1
2023-04-03 10:14:40,648 [WARN] PackLoader:240 - Cannot read IP mode file for STMicroelectronics.X-CUBE-MEMS1.9.5.0
2023-04-03 10:14:40,778 [WARN] PackLoader:240 - Cannot read IP mode file for STMicroelectronics.X-CUBE-AZRTOS-WB.1.1.0
2023-04-03 10:14:40,813 [WARN] PackLoader:240 - Cannot read IP mode file for SEGGER.I-CUBE-embOS.1.3.1
2023-04-03 10:14:40,843 [INFO] ThirdParty:978 - Integrity check success = true
2023-04-03 10:14:40,843 [INFO] IntegrityCheckThread:100 - exiting critical section [integrity check]
2023-04-03 10:14:40,843 [INFO] IntegrityCheckThread:103 - End integrity checks thread
2023-04-03 10:14:41,812 [INFO] BoardInfo:880 - No configuration file found for board P-NUCLEO-WB55
2023-04-03 10:14:41,812 [INFO] DbBoards:157 - Kit is not supported: P-NUCLEO-WB55
2023-04-03 10:14:41,816 [INFO] BoardInfo:880 - No configuration file found for board STEVAL-BFA001V1B
2023-04-03 10:14:41,816 [INFO] DbBoards:157 - Kit is not supported: STEVAL-BFA001V1B
2023-04-03 10:14:41,817 [INFO] BoardInfo:880 - No configuration file found for board STEVAL-BFA001V2B
2023-04-03 10:14:41,817 [INFO] DbBoards:157 - Kit is not supported: STEVAL-BFA001V2B
2023-04-03 10:14:41,943 [INFO] DbBoards:161 - Found 187 boards, 184 are supported
2023-04-03 10:14:41,948 [INFO] ApiDb:668 - CubeFinder database Data Model version=2.1
2023-04-03 10:14:41,948 [INFO] ApiDb:669 - CubeFinder database Configuration version=3.0.35
2023-04-03 10:14:41,948 [INFO] ApiDb:670 - CubeFinder database generation date=2023-03-10 (1678456172)
2023-04-03 10:14:41,948 [INFO] ApiDb:671 - CubeFinder database FW Pack versions=[FP-ATR-ASTRA1_V1.1.1, STM32Cube_FW_C0_V1.0.1, STM32Cube_FW_F0_V1.11.4, STM32Cube_FW_F3_V1.11.4, STM32Cube_FW_F4_V1.27.1, STM32Cube_FW_F7_V1.17.0, STM32Cube_FW_G0_V1.6.1, STM32Cube_FW_G4_V1.5.1, STM32Cube_FW_H5_V0.5.1, STM32Cube_FW_H5_V1.0.0, STM32Cube_FW_H7_V1.11.0, STM32Cube_FW_L0_V1.12.2, STM32Cube_FW_L5_V1.5.0, STM32Cube_FW_U5_V1.2.0, STM32Cube_FW_WBA_V1.0.0, STM32Cube_FW_WBA_V1.0.0RC1, STM32Cube_FW_WBA_V1.0.0RC3, STM32Cube_FW_WB_V1.15.0RC1, STM32Cube_FW_WB_V1.16.0, STM32Cube_FW_WB_V1.16.0RC2, STM32Cube_FW_WL_V1.3.0, X-CUBE-ALGOBUILD_V1.3.0, X-CUBE-ALS_V1.0.1, X-CUBE-AZRTOS-F4_V1.1.0, X-CUBE-AZRTOS-F7_V1.1.0, X-CUBE-AZRTOS-G0_V1.1.0, X-CUBE-AZRTOS-G4_V1.0.0, X-CUBE-AZRTOS-H7_V3.0.0, X-CUBE-AZRTOS-L4_V1.0.0, X-CUBE-AZRTOS-L5_V1.1.0, X-CUBE-AZRTOS-WB_V1.1.0, X-CUBE-AZRTOS-WL_V1.0.0, X-CUBE-BLE1_V6.2.4, X-CUBE-BLE2_V3.3.0, X-CUBE-BLEMGR_V1.3.0, X-CUBE-EEPRMA1_V4.1.0, X-CUBE-GNSS1_V6.0.0, X-CUBE-MEMS1_V9.1.0, X-CUBE-MEMS1_V9.4.0, X-CUBE-MEMS1_V9.5.0, X-CUBE-NFC4_V3.0.0, X-CUBE-NFC7_V1.0.0, X-CUBE-SFXS2LP1_V4.0.0, X-CUBE-SUBG2_V5.0.0]
2023-04-03 10:14:43,947 [INFO] ApiDb:240 - Found 297 in-development CPN: [B-G473E-ZEST1S, B-WB1M-WPAN1, B-WL5M-SUBG1, NUCLEO-C031C6, NUCLEO-H503RB, NUCLEO-H563ZI, NUCLEO-U545RE-Q, NUCLEO-U5A5ZJ-Q, NUCLEO-WBA52CG, STEVAL-PROTEUS1, STEVAL-STWINBX1, STM320518-EVAL, STM32C0116-DK, STM32C011D6Y3TR, STM32C011D6Y6TR, STM32C011F4P3, STM32C011F4P6, STM32C011F4U3, STM32C011F4U6TR, STM32C011F6P3, STM32C011F6P6, STM32C011F6U3, STM32C011F6U6TR, STM32C011J4M3, STM32C011J4M6, STM32C011J6M3, STM32C011J6M6, STM32C0316-DK, STM32C031C4T3, STM32C031C4T6, STM32C031C4U3, STM32C031C4U6, STM32C031C6T3, STM32C031C6T6, STM32C031C6U3, STM32C031C6U6, STM32C031F4P3, STM32C031F4P6, STM32C031F6P3, STM32C031F6P6, STM32C031G4U3, STM32C031G4U6, STM32C031G6U3, STM32C031G6U6, STM32C031K4T3, STM32C031K4T6, STM32C031K4U3, STM32C031K4U6, STM32C031K6T3, STM32C031K6T6, STM32C031K6U3, STM32C031K6U6, STM32G071K8TXN, STM32G071K8UXN, STM32G081GBU6N, STM32G081KBT6N, STM32G081KBUXN, STM32G0B1CCT6N, STM32G0B1KCT6, STM32G0B1NEY6TR, STM32G0B1RCT6N, STM32G0C1CCT6, STM32G0C1CCT6N, STM32G0C1CCU6N, STM32G0C1CET6N, STM32G0C1CEU6N, STM32G0C1KCT6, STM32G0C1NEY6TR, STM32G0C1RCI6N, STM32G0C1RCT6N, STM32G0C1REI6N, STM32G0C1RET6N, STM32G0C1VCI6, STM32G0C1VEI6, STM32G471CCT6, STM32G471CCU6, STM32G471CET3, STM32G471CET6, STM32G471CEU3, STM32G471CEU6, STM32G471MCT6, STM32G471MET3, STM32G471MET6, STM32G471MEY6TR, STM32G471QCT6, STM32G471QET3, STM32G471RCT6, STM32G471RET3, STM32G471RET6, STM32G471VCH6, STM32G471VCI6, STM32G471VCT6, STM32G471VEH3, STM32G471VEH6, STM32G471VEI3, STM32G471VEI6, STM32G471VET3, STM32G471VET6, STM32G474CCT6, STM32H503CBT6, STM32H503CBU6, STM32H503EBY6TR, STM32H503KBU6, STM32H503RBT6, STM32H562AGI6, STM32H562AII6, STM32H562IGK6, STM32H562IGT6, STM32H562IIK6, STM32H562IIT6, STM32H562RGT6, STM32H562RGV6, STM32H562RIT6, STM32H562RIV6, STM32H562VGT6, STM32H562VIT6, STM32H562ZGT6, STM32H562ZIT6, STM32H563AGI6, STM32H563AII3Q, STM32H563AII6, STM32H563IGK6, STM32H563IGT6, STM32H563IIK3Q, STM32H563IIK6, STM32H563IIT3Q, STM32H563IIT6, STM32H563MIY3QTR, STM32H563RGT6, STM32H563RGV6, STM32H563RIT6, STM32H563RIV6, STM32H563VGT6, STM32H563VIT3Q, STM32H563VIT6, STM32H563ZGT6, STM32H563ZIT3Q, STM32H563ZIT6, STM32H573AII3Q, STM32H573AII6, STM32H573I-DK, STM32H573IIK3Q, STM32H573IIK6, STM32H573IIT3Q, STM32H573IIT6, STM32H573MIY3QTR, STM32H573RIT6, STM32H573RIV6, STM32H573VIT3Q, STM32H573VIT6, STM32H573ZIT3Q, STM32H573ZIT6, STM32L4R5QGI6STR, STM32MP131AAE3, STM32MP131AAF3, STM32MP131AAG3, STM32MP131CAE3, STM32MP131CAF3, STM32MP131CAG3, STM32MP131DAE7, STM32MP131DAF7, STM32MP131DAG7, STM32MP131FAE7, STM32MP131FAF7, STM32MP131FAG7, STM32MP133AAE3, STM32MP133AAF3, STM32MP133AAG3, STM32MP133CAE3, STM32MP133CAF3, STM32MP133CAG3, STM32MP133DAE7, STM32MP133DAF7, STM32MP133DAG7, STM32MP133FAE7, STM32MP133FAF7, STM32MP133FAG7, STM32MP135AAE3, STM32MP135AAF3, STM32MP135AAG3, STM32MP135CAE3, STM32MP135CAF3, STM32MP135CAG3, STM32MP135DAE7, STM32MP135DAF7, STM32MP135DAG7, STM32MP135F-DK, STM32MP135FAE7, STM32MP135FAF7, STM32MP135FAF7T, STM32MP135FAF7U, STM32MP135FAG7, STM32U535CBT6, STM32U535CBT6Q, STM32U535CBU6, STM32U535CBU6Q, STM32U535CCT6, STM32U535CCT6Q, STM32U535CCU6, STM32U535CCU6Q, STM32U535CET6, STM32U535CET6Q, STM32U535CEU6, STM32U535CEU6Q, STM32U535JEY6QTR, STM32U535NCY6QTR, STM32U535NEY6QTR, STM32U535RBI6, STM32U535RBI6Q, STM32U535RBT6, STM32U535RBT6Q, STM32U535RCI6, STM32U535RCI6Q, STM32U535RCT6, STM32U535RCT6Q, STM32U535REI6, STM32U535REI6Q, STM32U535RET6, STM32U535RET6Q, STM32U535VCI6, STM32U535VCI6Q, STM32U535VCT6, STM32U535VCT6Q, STM32U535VEI6, STM32U535VEI6Q, STM32U535VET6, STM32U535VET6Q, STM32U545CET6, STM32U545CET6Q, STM32U545CEU6, STM32U545CEU6Q, STM32U545JEY6QTR, STM32U545NEY6QTR, STM32U545REI6, STM32U545REI6Q, STM32U545RET6, STM32U545RET6Q, STM32U545VEI6, STM32U545VEI6Q, STM32U545VET6, STM32U545VET6Q, STM32U595AIH6, STM32U595AIH6Q, STM32U595AJH6, STM32U595AJH6Q, STM32U595QII6, STM32U595QII6Q, STM32U595QJI6, STM32U595QJI6Q, STM32U595RIT6, STM32U595RIT6Q, STM32U595RJT6, STM32U595RJT6Q, STM32U595VIT6, STM32U595VIT6Q, STM32U595VJT6, STM32U595VJT6Q, STM32U595ZIT6, STM32U595ZIT6Q, STM32U595ZIY6QTR, STM32U595ZJT6, STM32U595ZJT6Q, STM32U595ZJY6QTR, STM32U599BJY6QTR, STM32U599NIH6Q, STM32U599NJH6Q, STM32U599VIT6Q, STM32U599VJT6, STM32U599VJT6Q, STM32U599ZIT6Q, STM32U599ZIY6QTR, STM32U599ZJT6Q, STM32U599ZJY6QTR, STM32U5A5AJH6, STM32U5A5AJH6Q, STM32U5A5QJI6, STM32U5A5QJI6Q, STM32U5A5RJT6, STM32U5A5RJT6Q, STM32U5A5VJT6, STM32U5A5VJT6Q, STM32U5A5ZJT6, STM32U5A5ZJT6Q, STM32U5A5ZJY6QTR, STM32U5A9BJY6QTR, STM32U5A9J-DK, STM32U5A9NJH6Q, STM32U5A9VJT6Q, STM32U5A9ZJT6Q, STM32U5A9ZJY6QTR, STM32WB1MMCH6, STM32WBA52CEU6, STM32WBA52CEU6T, STM32WBA52CGU6, STM32WBA52CGU6T, STM32WL5MOCH6, STM32WL5MOCH6TR]
2023-04-03 10:14:43,950 [INFO] DbMcus:216 - Found 3775 MCUs, 3775 are supported
2023-04-03 10:14:43,957 [INFO] ApiDb:423 - Load user favorites file C:\Users\lanza/.stm32cubeide/favorites.mcus.txt: 1 item(s)
2023-04-03 10:14:43,958 [INFO] ApiDb:427 - User favorites MCUs=[STM32F767ZIT6]
2023-04-03 10:14:43,958 [INFO] DbMcus:222 - Set 1 / 1 favorites MCUs
2023-04-03 10:14:44,227 [INFO] ApiDb:423 - Load user favorites file C:\Users\lanza/.stm32cubeide/favorites.boards.txt: 0 item(s)
2023-04-03 10:14:44,227 [INFO] ApiDb:427 - User favorites Boards=[]
2023-04-03 10:14:44,227 [INFO] DbBoards:190 - Set 0 / 0 favorites Boards
2023-04-03 10:14:44,228 [INFO] McuFinderGlobals:66 - Set McuFinderConnectedMode to true
2023-04-03 10:14:44,238 [INFO] MultiScanPanel:200 - Auto-refresh data requested => check proxy status ongoing
2023-04-03 10:14:44,240 [INFO] FinderPluginLoader:95 - Searching for filters in installed packs
2023-04-03 10:14:46,398 [INFO] LoadUrlFilesThread:185 - End of LoadServerUrlFiles without Thread
2023-04-03 10:14:46,460 [INFO] DetailPanel:341 - Set advertising image to C:/Users/lanza/STM32Cube/Repository/\en.prom-stm32h5-mcu-finder.jpg
2023-04-03 10:14:59,649 [INFO] McuFinderGlobals:66 - Set McuFinderConnectedMode to true
2023-04-03 10:15:11,351 [INFO] ApiDb:448 - Save user favorites file C:\Users\lanza/.stm32cubeide/favorites.mcus.txt: 1 item(s)
2023-04-03 10:15:11,352 [INFO] ApiDb:452 - User favorites MCUs=[STM32F767ZIT6]
2023-04-03 10:15:11,604 [ERROR] LogOutputStream:75 - [STDERR_REDIRECT] Exception in thread "AWT-EventQueue-0" java.lang.NullPointerException
2023-04-03 10:15:11,607 [ERROR] LogOutputStream:75 - [STDERR_REDIRECT] 	at com.st.stm32cube.common.mx.targetselector.TargetSelectorAdapter$7.run(TargetSelectorAdapter.java:353)
2023-04-03 10:15:11,608 [ERROR] LogOutputStream:75 - [STDERR_REDIRECT] 	at com.st.stm32cube.common.mx.oss.core.awtswtbridge.AwtEnvironment$2.run(AwtEnvironment.java:166)
2023-04-03 10:15:11,610 [ERROR] LogOutputStream:75 - [STDERR_REDIRECT] 	at java.desktop/java.awt.event.InvocationEvent.dispatch(InvocationEvent.java:313)
2023-04-03 10:15:11,611 [ERROR] LogOutputStream:75 - [STDERR_REDIRECT] 	at java.desktop/java.awt.EventQueue.dispatchEventImpl(EventQueue.java:770)
2023-04-03 10:15:11,612 [ERROR] LogOutputStream:75 - [STDERR_REDIRECT] 	at java.desktop/java.awt.EventQueue$4.run(EventQueue.java:721)
2023-04-03 10:15:11,613 [ERROR] LogOutputStream:75 - [STDERR_REDIRECT] 	at java.desktop/java.awt.EventQueue$4.run(EventQueue.java:715)
2023-04-03 10:15:11,614 [ERROR] LogOutputStream:75 - [STDERR_REDIRECT] 	at java.base/java.security.AccessController.doPrivileged(Native Method)
2023-04-03 10:15:11,616 [ERROR] LogOutputStream:75 - [STDERR_REDIRECT] 	at java.base/java.security.ProtectionDomain$JavaSecurityAccessImpl.doIntersectionPrivilege(ProtectionDomain.java:85)
2023-04-03 10:15:11,617 [ERROR] LogOutputStream:75 - [STDERR_REDIRECT] 	at java.desktop/java.awt.EventQueue.dispatchEvent(EventQueue.java:740)
2023-04-03 10:15:11,619 [ERROR] LogOutputStream:75 - [STDERR_REDIRECT] 	at java.desktop/java.awt.EventDispatchThread.pumpOneEventForFilters(EventDispatchThread.java:203)
2023-04-03 10:15:11,620 [ERROR] LogOutputStream:75 - [STDERR_REDIRECT] 	at java.desktop/java.awt.EventDispatchThread.pumpEventsForFilter(EventDispatchThread.java:124)
2023-04-03 10:15:11,622 [ERROR] LogOutputStream:75 - [STDERR_REDIRECT] 	at java.desktop/java.awt.EventDispatchThread.pumpEventsForHierarchy(EventDispatchThread.java:113)
2023-04-03 10:15:11,623 [ERROR] LogOutputStream:75 - [STDERR_REDIRECT] 	at java.desktop/java.awt.EventDispatchThread.pumpEvents(EventDispatchThread.java:109)
2023-04-03 10:15:11,624 [ERROR] LogOutputStream:75 - [STDERR_REDIRECT] 	at java.desktop/java.awt.EventDispatchThread.pumpEvents(EventDispatchThread.java:101)
2023-04-03 10:15:11,625 [ERROR] LogOutputStream:75 - [STDERR_REDIRECT] 	at java.desktop/java.awt.EventDispatchThread.run(EventDispatchThread.java:90)
